d:\uni\level 2\semester 4\datastructure\user\userlogin\userlogin\x64\debug\graphview.obj
d:\uni\level 2\semester 4\datastructure\user\userlogin\userlogin\x64\debug\graph.obj
d:\uni\level 2\semester 4\datastructure\user\userlogin\userlogin\x64\debug\userlogin.obj
d:\uni\level 2\semester 4\datastructure\user\userlogin\userlogin\x64\debug\user.obj
d:\uni\level 2\semester 4\datastructure\user\userlogin\userlogin\x64\debug\edge.obj
d:\uni\level 2\semester 4\datastructure\user\userlogin\userlogin\x64\debug\main.obj
d:\uni\level 2\semester 4\datastructure\user\userlogin\userlogin\x64\debug\qt\moc\moc_userlogin.cpp
d:\uni\level 2\semester 4\datastructure\user\userlogin\userlogin\x64\debug\qt\moc\moc_homepage.cpp
d:\uni\level 2\semester 4\datastructure\user\userlogin\userlogin\x64\debug\qt\moc\moc_graphview.cpp
d:\uni\level 2\semester 4\datastructure\user\userlogin\userlogin\x64\debug\qt\rcc\qrc_userlogin.cpp
d:\uni\level 2\semester 4\datastructure\user\userlogin\userlogin\x64\debug\qt\uic\ui_homepage.h
d:\uni\level 2\semester 4\datastructure\user\userlogin\userlogin\x64\debug\qt\uic\ui_userlogin.h
d:\uni\level 2\semester 4\datastructure\user\userlogin\userlogin\x64\debug\vc143.idb
d:\uni\level 2\semester 4\datastructure\user\userlogin\userlogin\x64\debug\vc143.pdb
d:\uni\level 2\semester 4\datastructure\user\userlogin\userlogin\x64\debug\userlogin.tlog\cl.10756.write.1.tlog
d:\uni\level 2\semester 4\datastructure\user\userlogin\userlogin\x64\debug\userlogin.tlog\cl.command.1.tlog
d:\uni\level 2\semester 4\datastructure\user\userlogin\userlogin\x64\debug\userlogin.tlog\cl.read.1.tlog
d:\uni\level 2\semester 4\datastructure\user\userlogin\userlogin\x64\debug\userlogin.tlog\moc.read.1u.tlog
d:\uni\level 2\semester 4\datastructure\user\userlogin\userlogin\x64\debug\userlogin.tlog\moc.write.1u.tlog
d:\uni\level 2\semester 4\datastructure\user\userlogin\userlogin\x64\debug\userlogin.tlog\rcc.read.1u.tlog
d:\uni\level 2\semester 4\datastructure\user\userlogin\userlogin\x64\debug\userlogin.tlog\rcc.write.1u.tlog
d:\uni\level 2\semester 4\datastructure\user\userlogin\userlogin\x64\debug\userlogin.tlog\uic.read.1u.tlog
d:\uni\level 2\semester 4\datastructure\user\userlogin\userlogin\x64\debug\userlogin.tlog\uic.write.1u.tlog
d:\uni\level 2\semester 4\datastructure\user\userlogin\userlogin\x64\debug\userlogin.tlog\userlogin.write.1u.tlog
